[2020-05-12 07:51:28] local.ERROR: `AUTH` failed: ERR Client sent AUTH, but no password is set [tcp://127.0.0.1:6379] {"exception":"[object] (Predis\\Connection\\ConnectionException(code: 0): `AUTH` failed: ERR Client sent AUTH, but no password is set [tcp://127.0.0.1:6379] at /home/akash/Development/hotel-management-system/vendor/predis/predis/src/Connection/AbstractConnection.php:155)
[stacktrace]
#0 /home/akash/Development/hotel-management-system/vendor/predis/predis/src/Connection/StreamConnection.php(263): Predis\\Connection\\AbstractConnection->onConnectionError('`AUTH` failed: ...', 0)
#1 /home/akash/Development/hotel-management-system/vendor/predis/predis/src/Connection/AbstractConnection.php(180): Predis\\Connection\\StreamConnection->connect()
#2 /home/akash/Development/hotel-management-system/vendor/predis/predis/src/Connection/StreamConnection.php(288): Predis\\Connection\\AbstractConnection->getResource()
#3 /home/akash/Development/hotel-management-system/vendor/predis/predis/src/Connection/StreamConnection.php(394): Predis\\Connection\\StreamConnection->write('*6\\
$5\\
HMGET\\
...')
#4 /home/akash/Development/hotel-management-system/vendor/predis/predis/src/Pipeline/Pipeline.php(133): Predis\\Connection\\StreamConnection->writeRequest(Object(Predis\\Command\\HashGetMultiple))
#5 /home/akash/Development/hotel-management-system/vendor/predis/predis/src/Pipeline/Pipeline.php(165): Predis\\Pipeline\\Pipeline->executePipeline(Object(Predis\\Connection\\StreamConnection), Object(SplQueue))
#6 /home/akash/Development/hotel-management-system/vendor/predis/predis/src/Pipeline/Pipeline.php(214): Predis\\Pipeline\\Pipeline->flushPipeline()
#7 /home/akash/Development/hotel-management-system/vendor/predis/predis/src/Client.php(445): Predis\\Pipeline\\Pipeline->execute(Object(Closure))
#8 /home/akash/Development/hotel-management-system/vendor/predis/predis/src/Client.php(396): Predis\\Client->createPipeline(NULL, Object(Closure))
#9 /home/akash/Development/hotel-management-system/vendor/predis/predis/src/Client.php(418): Predis\\Client->sharedContextFactory('createPipeline', Array)
#10 /home/akash/Development/hotel-management-system/vendor/laravel/framework/src/Illuminate/Redis/Connections/Connection.php(114): Predis\\Client->pipeline(Object(Closure))
#11 /home/akash/Development/hotel-management-system/vendor/laravel/framework/src/Illuminate/Redis/Connections/Connection.php(214): Illuminate\\Redis\\Connections\\Connection->command('pipeline', Array)
#12 /home/akash/Development/hotel-management-system/vendor/laravel/horizon/src/Repositories/RedisMasterSupervisorRepository.php(77): Illuminate\\Redis\\Connections\\Connection->__call('pipeline', Array)
#13 /home/akash/Development/hotel-management-system/vendor/laravel/horizon/src/Repositories/RedisMasterSupervisorRepository.php(62): Laravel\\Horizon\\Repositories\\RedisMasterSupervisorRepository->get(Array)
#14 /home/akash/Development/hotel-management-system/vendor/laravel/horizon/src/Console/HorizonCommand.php(41): Laravel\\Horizon\\Repositories\\RedisMasterSupervisorRepository->find('akash-vivobook-...')
#15 [internal function]: Laravel\\Horizon\\Console\\HorizonCommand->handle(Object(Laravel\\Horizon\\Repositories\\RedisMasterSupervisorRepository))
#16 /home/akash/Development/hotel-management-system/vendor/laravel/framework/src/Illuminate/Container/BoundMethod.php(32): call_user_func_array(Array, Array)
#17 /home/akash/Development/hotel-management-system/vendor/laravel/framework/src/Illuminate/Container/BoundMethod.php(90): Illuminate\\Container\\BoundMethod::Illuminate\\Container\\{closure}()
#18 /home/akash/Development/hotel-management-system/vendor/laravel/framework/src/Illuminate/Container/BoundMethod.php(34): Illuminate\\Container\\BoundMethod::callBoundMethod(Object(Illuminate\\Foundation\\Application), Array, Object(Closure))
#19 /home/akash/Development/hotel-management-system/vendor/laravel/framework/src/Illuminate/Container/Container.php(576): Illuminate\\Container\\BoundMethod::call(Object(Illuminate\\Foundation\\Application), Array, Array, NULL)
#20 /home/akash/Development/hotel-management-system/vendor/laravel/framework/src/Illuminate/Console/Command.php(183): Illuminate\\Container\\Container->call(Array)
#21 /home/akash/Development/hotel-management-system/vendor/symfony/console/Command/Command.php(255): Illuminate\\Console\\Command->execute(Object(Symfony\\Component\\Console\\Input\\ArgvInput), Object(Illuminate\\Console\\OutputStyle))
#22 /home/akash/Development/hotel-management-system/vendor/laravel/framework/src/Illuminate/Console/Command.php(170): Symfony\\Component\\Console\\Command\\Command->run(Object(Symfony\\Component\\Console\\Input\\ArgvInput), Object(Illuminate\\Console\\OutputStyle))
#23 /home/akash/Development/hotel-management-system/vendor/symfony/console/Application.php(921): Illuminate\\Console\\Command->run(Object(Symfony\\Component\\Console\\Input\\ArgvInput), Object(Symfony\\Component\\Console\\Output\\ConsoleOutput))
#24 /home/akash/Development/hotel-management-system/vendor/symfony/console/Application.php(273): Symfony\\Component\\Console\\Application->doRunCommand(Object(Laravel\\Horizon\\Console\\HorizonCommand), Object(Symfony\\Component\\Console\\Input\\ArgvInput), Object(Symfony\\Component\\Console\\Output\\ConsoleOutput))
#25 /home/akash/Development/hotel-management-system/vendor/symfony/console/Application.php(149): Symfony\\Component\\Console\\Application->doRun(Object(Symfony\\Component\\Console\\Input\\ArgvInput), Object(Symfony\\Component\\Console\\Output\\ConsoleOutput))
#26 /home/akash/Development/hotel-management-system/vendor/laravel/framework/src/Illuminate/Console/Application.php(90): Symfony\\Component\\Console\\Application->run(Object(Symfony\\Component\\Console\\Input\\ArgvInput), Object(Symfony\\Component\\Console\\Output\\ConsoleOutput))
#27 /home/akash/Development/hotel-management-system/vendor/laravel/framework/src/Illuminate/Foundation/Console/Kernel.php(133): Illuminate\\Console\\Application->run(Object(Symfony\\Component\\Console\\Input\\ArgvInput), Object(Symfony\\Component\\Console\\Output\\ConsoleOutput))
#28 /home/akash/Development/hotel-management-system/artisan(37): Illuminate\\Foundation\\Console\\Kernel->handle(Object(Symfony\\Component\\Console\\Input\\ArgvInput), Object(Symfony\\Component\\Console\\Output\\ConsoleOutput))
#29 {main}
"} 
[2020-05-12 08:15:54] local.INFO: Expected response code 250 but got code "530", with message "530 5.7.1 Authentication required
"  
[2020-05-12 08:20:50] local.INFO: Expected response code 250 but got code "530", with message "530 5.7.1 Authentication required
"  
[2020-05-12 08:24:02] local.INFO: Expected response code 250 but got code "530", with message "530 5.7.1 Authentication required
"  
[2020-05-12 08:31:03] local.INFO: Expected response code 250 but got code "530", with message "530 5.7.1 Authentication required
"  
[2020-05-12 08:37:19] local.ERROR: Error while reading line from the server. [tcp://127.0.0.1:6379] {"exception":"[object] (Predis\\Connection\\ConnectionException(code: 0): Error while reading line from the server. [tcp://127.0.0.1:6379] at /home/akash/Development/hotel-management-system/vendor/predis/predis/src/Connection/AbstractConnection.php:155)
[stacktrace]
#0 /home/akash/Development/hotel-management-system/vendor/predis/predis/src/Connection/StreamConnection.php(314): Predis\\Connection\\AbstractConnection->onConnectionError('Error while rea...')
#1 /home/akash/Development/hotel-management-system/vendor/predis/predis/src/Connection/AbstractConnection.php(120): Predis\\Connection\\StreamConnection->read()
#2 /home/akash/Development/hotel-management-system/vendor/predis/predis/src/Connection/AbstractConnection.php(112): Predis\\Connection\\AbstractConnection->readResponse(Object(Predis\\Command\\ListLength))
#3 /home/akash/Development/hotel-management-system/vendor/predis/predis/src/Client.php(331): Predis\\Connection\\AbstractConnection->executeCommand(Object(Predis\\Command\\ListLength))
#4 /home/akash/Development/hotel-management-system/vendor/predis/predis/src/Client.php(314): Predis\\Client->executeCommand(Object(Predis\\Command\\ListLength))
#5 /home/akash/Development/hotel-management-system/vendor/laravel/framework/src/Illuminate/Redis/Connections/Connection.php(114): Predis\\Client->__call('llen', Array)
#6 /home/akash/Development/hotel-management-system/vendor/laravel/framework/src/Illuminate/Redis/Connections/Connection.php(214): Illuminate\\Redis\\Connections\\Connection->command('llen', Array)
#7 /home/akash/Development/hotel-management-system/vendor/laravel/horizon/src/RedisHorizonCommandQueue.php(51): Illuminate\\Redis\\Connections\\Connection->__call('llen', Array)
#8 /home/akash/Development/hotel-management-system/vendor/laravel/horizon/src/Supervisor.php(325): Laravel\\Horizon\\RedisHorizonCommandQueue->pending('akash-vivobook-...')
#9 /home/akash/Development/hotel-management-system/vendor/laravel/horizon/src/Supervisor.php(294): Laravel\\Horizon\\Supervisor->processPendingCommands()
#10 /home/akash/Development/hotel-management-system/vendor/laravel/horizon/src/Supervisor.php(267): Laravel\\Horizon\\Supervisor->loop()
#11 /home/akash/Development/hotel-management-system/vendor/laravel/horizon/src/Console/SupervisorCommand.php(92): Laravel\\Horizon\\Supervisor->monitor()
#12 /home/akash/Development/hotel-management-system/vendor/laravel/horizon/src/Console/SupervisorCommand.php(67): Laravel\\Horizon\\Console\\SupervisorCommand->start(Object(Laravel\\Horizon\\Supervisor))
#13 [internal function]: Laravel\\Horizon\\Console\\SupervisorCommand->handle(Object(Laravel\\Horizon\\SupervisorFactory))
#14 /home/akash/Development/hotel-management-system/vendor/laravel/framework/src/Illuminate/Container/BoundMethod.php(32): call_user_func_array(Array, Array)
#15 /home/akash/Development/hotel-management-system/vendor/laravel/framework/src/Illuminate/Container/BoundMethod.php(90): Illuminate\\Container\\BoundMethod::Illuminate\\Container\\{closure}()
#16 /home/akash/Development/hotel-management-system/vendor/laravel/framework/src/Illuminate/Container/BoundMethod.php(34): Illuminate\\Container\\BoundMethod::callBoundMethod(Object(Illuminate\\Foundation\\Application), Array, Object(Closure))
#17 /home/akash/Development/hotel-management-system/vendor/laravel/framework/src/Illuminate/Container/Container.php(576): Illuminate\\Container\\BoundMethod::call(Object(Illuminate\\Foundation\\Application), Array, Array, NULL)
#18 /home/akash/Development/hotel-management-system/vendor/laravel/framework/src/Illuminate/Console/Command.php(183): Illuminate\\Container\\Container->call(Array)
#19 /home/akash/Development/hotel-management-system/vendor/symfony/console/Command/Command.php(255): Illuminate\\Console\\Command->execute(Object(Symfony\\Component\\Console\\Input\\ArgvInput), Object(Illuminate\\Console\\OutputStyle))
#20 /home/akash/Development/hotel-management-system/vendor/laravel/framework/src/Illuminate/Console/Command.php(170): Symfony\\Component\\Console\\Command\\Command->run(Object(Symfony\\Component\\Console\\Input\\ArgvInput), Object(Illuminate\\Console\\OutputStyle))
#21 /home/akash/Development/hotel-management-system/vendor/symfony/console/Application.php(921): Illuminate\\Console\\Command->run(Object(Symfony\\Component\\Console\\Input\\ArgvInput), Object(Symfony\\Component\\Console\\Output\\ConsoleOutput))
#22 /home/akash/Development/hotel-management-system/vendor/symfony/console/Application.php(273): Symfony\\Component\\Console\\Application->doRunCommand(Object(Laravel\\Horizon\\Console\\SupervisorCommand), Object(Symfony\\Component\\Console\\Input\\ArgvInput), Object(Symfony\\Component\\Console\\Output\\ConsoleOutput))
#23 /home/akash/Development/hotel-management-system/vendor/symfony/console/Application.php(149): Symfony\\Component\\Console\\Application->doRun(Object(Symfony\\Component\\Console\\Input\\ArgvInput), Object(Symfony\\Component\\Console\\Output\\ConsoleOutput))
#24 /home/akash/Development/hotel-management-system/vendor/laravel/framework/src/Illuminate/Console/Application.php(90): Symfony\\Component\\Console\\Application->run(Object(Symfony\\Component\\Console\\Input\\ArgvInput), Object(Symfony\\Component\\Console\\Output\\ConsoleOutput))
#25 /home/akash/Development/hotel-management-system/vendor/laravel/framework/src/Illuminate/Foundation/Console/Kernel.php(133): Illuminate\\Console\\Application->run(Object(Symfony\\Component\\Console\\Input\\ArgvInput), Object(Symfony\\Component\\Console\\Output\\ConsoleOutput))
#26 /home/akash/Development/hotel-management-system/artisan(37): Illuminate\\Foundation\\Console\\Kernel->handle(Object(Symfony\\Component\\Console\\Input\\ArgvInput), Object(Symfony\\Component\\Console\\Output\\ConsoleOutput))
#27 {main}
"} 
[2020-05-12 08:37:19] local.ERROR: Error while reading line from the server. [tcp://127.0.0.1:6379] {"exception":"[object] (Predis\\Connection\\ConnectionException(code: 0): Error while reading line from the server. [tcp://127.0.0.1:6379] at /home/akash/Development/hotel-management-system/vendor/predis/predis/src/Connection/AbstractConnection.php:155)
[stacktrace]
#0 /home/akash/Development/hotel-management-system/vendor/predis/predis/src/Connection/StreamConnection.php(314): Predis\\Connection\\AbstractConnection->onConnectionError('Error while rea...')
#1 /home/akash/Development/hotel-management-system/vendor/predis/predis/src/Connection/AbstractConnection.php(120): Predis\\Connection\\StreamConnection->read()
#2 /home/akash/Development/hotel-management-system/vendor/predis/predis/src/Connection/AbstractConnection.php(112): Predis\\Connection\\AbstractConnection->readResponse(Object(Predis\\Command\\ListLength))
#3 /home/akash/Development/hotel-management-system/vendor/predis/predis/src/Client.php(331): Predis\\Connection\\AbstractConnection->executeCommand(Object(Predis\\Command\\ListLength))
#4 /home/akash/Development/hotel-management-system/vendor/predis/predis/src/Client.php(314): Predis\\Client->executeCommand(Object(Predis\\Command\\ListLength))
#5 /home/akash/Development/hotel-management-system/vendor/laravel/framework/src/Illuminate/Redis/Connections/Connection.php(114): Predis\\Client->__call('llen', Array)
#6 /home/akash/Development/hotel-management-system/vendor/laravel/framework/src/Illuminate/Redis/Connections/Connection.php(214): Illuminate\\Redis\\Connections\\Connection->command('llen', Array)
#7 /home/akash/Development/hotel-management-system/vendor/laravel/horizon/src/RedisHorizonCommandQueue.php(51): Illuminate\\Redis\\Connections\\Connection->__call('llen', Array)
#8 /home/akash/Development/hotel-management-system/vendor/laravel/horizon/src/Supervisor.php(325): Laravel\\Horizon\\RedisHorizonCommandQueue->pending('akash-vivobook-...')
#9 /home/akash/Development/hotel-management-system/vendor/laravel/horizon/src/Supervisor.php(294): Laravel\\Horizon\\Supervisor->processPendingCommands()
#10 /home/akash/Development/hotel-management-system/vendor/laravel/horizon/src/Supervisor.php(267): Laravel\\Horizon\\Supervisor->loop()
#11 /home/akash/Development/hotel-management-system/vendor/laravel/horizon/src/Console/SupervisorCommand.php(92): Laravel\\Horizon\\Supervisor->monitor()
#12 /home/akash/Development/hotel-management-system/vendor/laravel/horizon/src/Console/SupervisorCommand.php(67): Laravel\\Horizon\\Console\\SupervisorCommand->start(Object(Laravel\\Horizon\\Supervisor))
#13 [internal function]: Laravel\\Horizon\\Console\\SupervisorCommand->handle(Object(Laravel\\Horizon\\SupervisorFactory))
#14 /home/akash/Development/hotel-management-system/vendor/laravel/framework/src/Illuminate/Container/BoundMethod.php(32): call_user_func_array(Array, Array)
#15 /home/akash/Development/hotel-management-system/vendor/laravel/framework/src/Illuminate/Container/BoundMethod.php(90): Illuminate\\Container\\BoundMethod::Illuminate\\Container\\{closure}()
#16 /home/akash/Development/hotel-management-system/vendor/laravel/framework/src/Illuminate/Container/BoundMethod.php(34): Illuminate\\Container\\BoundMethod::callBoundMethod(Object(Illuminate\\Foundation\\Application), Array, Object(Closure))
#17 /home/akash/Development/hotel-management-system/vendor/laravel/framework/src/Illuminate/Container/Container.php(576): Illuminate\\Container\\BoundMethod::call(Object(Illuminate\\Foundation\\Application), Array, Array, NULL)
#18 /home/akash/Development/hotel-management-system/vendor/laravel/framework/src/Illuminate/Console/Command.php(183): Illuminate\\Container\\Container->call(Array)
#19 /home/akash/Development/hotel-management-system/vendor/symfony/console/Command/Command.php(255): Illuminate\\Console\\Command->execute(Object(Symfony\\Component\\Console\\Input\\ArgvInput), Object(Illuminate\\Console\\OutputStyle))
#20 /home/akash/Development/hotel-management-system/vendor/laravel/framework/src/Illuminate/Console/Command.php(170): Symfony\\Component\\Console\\Command\\Command->run(Object(Symfony\\Component\\Console\\Input\\ArgvInput), Object(Illuminate\\Console\\OutputStyle))
#21 /home/akash/Development/hotel-management-system/vendor/symfony/console/Application.php(921): Illuminate\\Console\\Command->run(Object(Symfony\\Component\\Console\\Input\\ArgvInput), Object(Symfony\\Component\\Console\\Output\\ConsoleOutput))
#22 /home/akash/Development/hotel-management-system/vendor/symfony/console/Application.php(273): Symfony\\Component\\Console\\Application->doRunCommand(Object(Laravel\\Horizon\\Console\\SupervisorCommand), Object(Symfony\\Component\\Console\\Input\\ArgvInput), Object(Symfony\\Component\\Console\\Output\\ConsoleOutput))
#23 /home/akash/Development/hotel-management-system/vendor/symfony/console/Application.php(149): Symfony\\Component\\Console\\Application->doRun(Object(Symfony\\Component\\Console\\Input\\ArgvInput), Object(Symfony\\Component\\Console\\Output\\ConsoleOutput))
#24 /home/akash/Development/hotel-management-system/vendor/laravel/framework/src/Illuminate/Console/Application.php(90): Symfony\\Component\\Console\\Application->run(Object(Symfony\\Component\\Console\\Input\\ArgvInput), Object(Symfony\\Component\\Console\\Output\\ConsoleOutput))
#25 /home/akash/Development/hotel-management-system/vendor/laravel/framework/src/Illuminate/Foundation/Console/Kernel.php(133): Illuminate\\Console\\Application->run(Object(Symfony\\Component\\Console\\Input\\ArgvInput), Object(Symfony\\Component\\Console\\Output\\ConsoleOutput))
#26 /home/akash/Development/hotel-management-system/artisan(37): Illuminate\\Foundation\\Console\\Kernel->handle(Object(Symfony\\Component\\Console\\Input\\ArgvInput), Object(Symfony\\Component\\Console\\Output\\ConsoleOutput))
#27 {main}
"} 
[2020-05-12 08:37:20] local.ERROR: Error while reading line from the server. [tcp://127.0.0.1:6379] {"exception":"[object] (Predis\\Connection\\ConnectionException(code: 0): Error while reading line from the server. [tcp://127.0.0.1:6379] at /home/akash/Development/hotel-management-system/vendor/predis/predis/src/Connection/AbstractConnection.php:155)
[stacktrace]
#0 /home/akash/Development/hotel-management-system/vendor/predis/predis/src/Connection/StreamConnection.php(314): Predis\\Connection\\AbstractConnection->onConnectionError('Error while rea...')
#1 /home/akash/Development/hotel-management-system/vendor/predis/predis/src/Connection/AbstractConnection.php(120): Predis\\Connection\\StreamConnection->read()
#2 /home/akash/Development/hotel-management-system/vendor/predis/predis/src/Connection/AbstractConnection.php(112): Predis\\Connection\\AbstractConnection->readResponse(Object(Predis\\Command\\ListLength))
#3 /home/akash/Development/hotel-management-system/vendor/predis/predis/src/Client.php(331): Predis\\Connection\\AbstractConnection->executeCommand(Object(Predis\\Command\\ListLength))
#4 /home/akash/Development/hotel-management-system/vendor/predis/predis/src/Client.php(314): Predis\\Client->executeCommand(Object(Predis\\Command\\ListLength))
#5 /home/akash/Development/hotel-management-system/vendor/laravel/framework/src/Illuminate/Redis/Connections/Connection.php(114): Predis\\Client->__call('llen', Array)
#6 /home/akash/Development/hotel-management-system/vendor/laravel/framework/src/Illuminate/Redis/Connections/Connection.php(214): Illuminate\\Redis\\Connections\\Connection->command('llen', Array)
#7 /home/akash/Development/hotel-management-system/vendor/laravel/horizon/src/RedisHorizonCommandQueue.php(51): Illuminate\\Redis\\Connections\\Connection->__call('llen', Array)
#8 /home/akash/Development/hotel-management-system/vendor/laravel/horizon/src/MasterSupervisor.php(263): Laravel\\Horizon\\RedisHorizonCommandQueue->pending('master:akash-vi...')
#9 /home/akash/Development/hotel-management-system/vendor/laravel/horizon/src/MasterSupervisor.php(240): Laravel\\Horizon\\MasterSupervisor->processPendingCommands()
#10 /home/akash/Development/hotel-management-system/vendor/laravel/horizon/src/MasterSupervisor.php(213): Laravel\\Horizon\\MasterSupervisor->loop()
#11 /home/akash/Development/hotel-management-system/vendor/laravel/horizon/src/Console/HorizonCommand.php(63): Laravel\\Horizon\\MasterSupervisor->monitor()
#12 [internal function]: Laravel\\Horizon\\Console\\HorizonCommand->handle(Object(Laravel\\Horizon\\Repositories\\RedisMasterSupervisorRepository))
#13 /home/akash/Development/hotel-management-system/vendor/laravel/framework/src/Illuminate/Container/BoundMethod.php(32): call_user_func_array(Array, Array)
#14 /home/akash/Development/hotel-management-system/vendor/laravel/framework/src/Illuminate/Container/BoundMethod.php(90): Illuminate\\Container\\BoundMethod::Illuminate\\Container\\{closure}()
#15 /home/akash/Development/hotel-management-system/vendor/laravel/framework/src/Illuminate/Container/BoundMethod.php(34): Illuminate\\Container\\BoundMethod::callBoundMethod(Object(Illuminate\\Foundation\\Application), Array, Object(Closure))
#16 /home/akash/Development/hotel-management-system/vendor/laravel/framework/src/Illuminate/Container/Container.php(576): Illuminate\\Container\\BoundMethod::call(Object(Illuminate\\Foundation\\Application), Array, Array, NULL)
#17 /home/akash/Development/hotel-management-system/vendor/laravel/framework/src/Illuminate/Console/Command.php(183): Illuminate\\Container\\Container->call(Array)
#18 /home/akash/Development/hotel-management-system/vendor/symfony/console/Command/Command.php(255): Illuminate\\Console\\Command->execute(Object(Symfony\\Component\\Console\\Input\\ArgvInput), Object(Illuminate\\Console\\OutputStyle))
#19 /home/akash/Development/hotel-management-system/vendor/laravel/framework/src/Illuminate/Console/Command.php(170): Symfony\\Component\\Console\\Command\\Command->run(Object(Symfony\\Component\\Console\\Input\\ArgvInput), Object(Illuminate\\Console\\OutputStyle))
#20 /home/akash/Development/hotel-management-system/vendor/symfony/console/Application.php(921): Illuminate\\Console\\Command->run(Object(Symfony\\Component\\Console\\Input\\ArgvInput), Object(Symfony\\Component\\Console\\Output\\ConsoleOutput))
#21 /home/akash/Development/hotel-management-system/vendor/symfony/console/Application.php(273): Symfony\\Component\\Console\\Application->doRunCommand(Object(Laravel\\Horizon\\Console\\HorizonCommand), Object(Symfony\\Component\\Console\\Input\\ArgvInput), Object(Symfony\\Component\\Console\\Output\\ConsoleOutput))
#22 /home/akash/Development/hotel-management-system/vendor/symfony/console/Application.php(149): Symfony\\Component\\Console\\Application->doRun(Object(Symfony\\Component\\Console\\Input\\ArgvInput), Object(Symfony\\Component\\Console\\Output\\ConsoleOutput))
#23 /home/akash/Development/hotel-management-system/vendor/laravel/framework/src/Illuminate/Console/Application.php(90): Symfony\\Component\\Console\\Application->run(Object(Symfony\\Component\\Console\\Input\\ArgvInput), Object(Symfony\\Component\\Console\\Output\\ConsoleOutput))
#24 /home/akash/Development/hotel-management-system/vendor/laravel/framework/src/Illuminate/Foundation/Console/Kernel.php(133): Illuminate\\Console\\Application->run(Object(Symfony\\Component\\Console\\Input\\ArgvInput), Object(Symfony\\Component\\Console\\Output\\ConsoleOutput))
#25 /home/akash/Development/hotel-management-system/artisan(37): Illuminate\\Foundation\\Console\\Kernel->handle(Object(Symfony\\Component\\Console\\Input\\ArgvInput), Object(Symfony\\Component\\Console\\Output\\ConsoleOutput))
#26 {main}
"} 
[2020-05-12 08:37:20] local.ERROR: Error while reading line from the server. [tcp://127.0.0.1:6379] {"exception":"[object] (Predis\\Connection\\ConnectionException(code: 0): Error while reading line from the server. [tcp://127.0.0.1:6379] at /home/akash/Development/hotel-management-system/vendor/predis/predis/src/Connection/AbstractConnection.php:155)
[stacktrace]
#0 /home/akash/Development/hotel-management-system/vendor/predis/predis/src/Connection/StreamConnection.php(314): Predis\\Connection\\AbstractConnection->onConnectionError('Error while rea...')
#1 /home/akash/Development/hotel-management-system/vendor/predis/predis/src/Connection/AbstractConnection.php(120): Predis\\Connection\\StreamConnection->read()
#2 /home/akash/Development/hotel-management-system/vendor/predis/predis/src/Connection/AbstractConnection.php(112): Predis\\Connection\\AbstractConnection->readResponse(Object(Predis\\Command\\ListLength))
#3 /home/akash/Development/hotel-management-system/vendor/predis/predis/src/Client.php(331): Predis\\Connection\\AbstractConnection->executeCommand(Object(Predis\\Command\\ListLength))
#4 /home/akash/Development/hotel-management-system/vendor/predis/predis/src/Client.php(314): Predis\\Client->executeCommand(Object(Predis\\Command\\ListLength))
#5 /home/akash/Development/hotel-management-system/vendor/laravel/framework/src/Illuminate/Redis/Connections/Connection.php(114): Predis\\Client->__call('llen', Array)
#6 /home/akash/Development/hotel-management-system/vendor/laravel/framework/src/Illuminate/Redis/Connections/Connection.php(214): Illuminate\\Redis\\Connections\\Connection->command('llen', Array)
#7 /home/akash/Development/hotel-management-system/vendor/laravel/horizon/src/RedisQueue.php(31): Illuminate\\Redis\\Connections\\Connection->__call('llen', Array)
#8 /home/akash/Development/hotel-management-system/vendor/laravel/horizon/src/AutoScaler.php(80): Laravel\\Horizon\\RedisQueue->readyNow('default')
#9 /home/akash/Development/hotel-management-system/vendor/laravel/framework/src/Illuminate/Support/Collection.php(1197): Laravel\\Horizon\\AutoScaler->Laravel\\Horizon\\{closure}(Object(Laravel\\Horizon\\ProcessPool), 'default')
#10 /home/akash/Development/hotel-management-system/vendor/laravel/horizon/src/AutoScaler.php(83): Illuminate\\Support\\Collection->mapWithKeys(Object(Closure))
#11 /home/akash/Development/hotel-management-system/vendor/laravel/horizon/src/AutoScaler.php(49): Laravel\\Horizon\\AutoScaler->timeToClearPerQueue(Object(Laravel\\Horizon\\Supervisor), Object(Illuminate\\Support\\Collection))
#12 /home/akash/Development/hotel-management-system/vendor/laravel/horizon/src/Supervisor.php(343): Laravel\\Horizon\\AutoScaler->scale(Object(Laravel\\Horizon\\Supervisor))
#13 /home/akash/Development/hotel-management-system/vendor/laravel/horizon/src/Supervisor.php(300): Laravel\\Horizon\\Supervisor->autoScale()
#14 /home/akash/Development/hotel-management-system/vendor/laravel/horizon/src/Supervisor.php(267): Laravel\\Horizon\\Supervisor->loop()
#15 /home/akash/Development/hotel-management-system/vendor/laravel/horizon/src/Console/SupervisorCommand.php(92): Laravel\\Horizon\\Supervisor->monitor()
#16 /home/akash/Development/hotel-management-system/vendor/laravel/horizon/src/Console/SupervisorCommand.php(67): Laravel\\Horizon\\Console\\SupervisorCommand->start(Object(Laravel\\Horizon\\Supervisor))
#17 [internal function]: Laravel\\Horizon\\Console\\SupervisorCommand->handle(Object(Laravel\\Horizon\\SupervisorFactory))
#18 /home/akash/Development/hotel-management-system/vendor/laravel/framework/src/Illuminate/Container/BoundMethod.php(32): call_user_func_array(Array, Array)
#19 /home/akash/Development/hotel-management-system/vendor/laravel/framework/src/Illuminate/Container/BoundMethod.php(90): Illuminate\\Container\\BoundMethod::Illuminate\\Container\\{closure}()
#20 /home/akash/Development/hotel-management-system/vendor/laravel/framework/src/Illuminate/Container/BoundMethod.php(34): Illuminate\\Container\\BoundMethod::callBoundMethod(Object(Illuminate\\Foundation\\Application), Array, Object(Closure))
#21 /home/akash/Development/hotel-management-system/vendor/laravel/framework/src/Illuminate/Container/Container.php(576): Illuminate\\Container\\BoundMethod::call(Object(Illuminate\\Foundation\\Application), Array, Array, NULL)
#22 /home/akash/Development/hotel-management-system/vendor/laravel/framework/src/Illuminate/Console/Command.php(183): Illuminate\\Container\\Container->call(Array)
#23 /home/akash/Development/hotel-management-system/vendor/symfony/console/Command/Command.php(255): Illuminate\\Console\\Command->execute(Object(Symfony\\Component\\Console\\Input\\ArgvInput), Object(Illuminate\\Console\\OutputStyle))
#24 /home/akash/Development/hotel-management-system/vendor/laravel/framework/src/Illuminate/Console/Command.php(170): Symfony\\Component\\Console\\Command\\Command->run(Object(Symfony\\Component\\Console\\Input\\ArgvInput), Object(Illuminate\\Console\\OutputStyle))
#25 /home/akash/Development/hotel-management-system/vendor/symfony/console/Application.php(921): Illuminate\\Console\\Command->run(Object(Symfony\\Component\\Console\\Input\\ArgvInput), Object(Symfony\\Component\\Console\\Output\\ConsoleOutput))
#26 /home/akash/Development/hotel-management-system/vendor/symfony/console/Application.php(273): Symfony\\Component\\Console\\Application->doRunCommand(Object(Laravel\\Horizon\\Console\\SupervisorCommand), Object(Symfony\\Component\\Console\\Input\\ArgvInput), Object(Symfony\\Component\\Console\\Output\\ConsoleOutput))
#27 /home/akash/Development/hotel-management-system/vendor/symfony/console/Application.php(149): Symfony\\Component\\Console\\Application->doRun(Object(Symfony\\Component\\Console\\Input\\ArgvInput), Object(Symfony\\Component\\Console\\Output\\ConsoleOutput))
#28 /home/akash/Development/hotel-management-system/vendor/laravel/framework/src/Illuminate/Console/Application.php(90): Symfony\\Component\\Console\\Application->run(Object(Symfony\\Component\\Console\\Input\\ArgvInput), Object(Symfony\\Component\\Console\\Output\\ConsoleOutput))
#29 /home/akash/Development/hotel-management-system/vendor/laravel/framework/src/Illuminate/Foundation/Console/Kernel.php(133): Illuminate\\Console\\Application->run(Object(Symfony\\Component\\Console\\Input\\ArgvInput), Object(Symfony\\Component\\Console\\Output\\ConsoleOutput))
#30 /home/akash/Development/hotel-management-system/artisan(37): Illuminate\\Foundation\\Console\\Kernel->handle(Object(Symfony\\Component\\Console\\Input\\ArgvInput), Object(Symfony\\Component\\Console\\Output\\ConsoleOutput))
#31 {main}
"} 
[2020-05-12 08:37:20] local.ERROR: Error while reading line from the server. [tcp://127.0.0.1:6379] {"exception":"[object] (Predis\\Connection\\ConnectionException(code: 0): Error while reading line from the server. [tcp://127.0.0.1:6379] at /home/akash/Development/hotel-management-system/vendor/predis/predis/src/Connection/AbstractConnection.php:155)
[stacktrace]
#0 /home/akash/Development/hotel-management-system/vendor/predis/predis/src/Connection/StreamConnection.php(314): Predis\\Connection\\AbstractConnection->onConnectionError('Error while rea...')
#1 /home/akash/Development/hotel-management-system/vendor/predis/predis/src/Connection/AbstractConnection.php(120): Predis\\Connection\\StreamConnection->read()
#2 /home/akash/Development/hotel-management-system/vendor/predis/predis/src/Connection/AbstractConnection.php(112): Predis\\Connection\\AbstractConnection->readResponse(Object(Predis\\Command\\ListLength))
#3 /home/akash/Development/hotel-management-system/vendor/predis/predis/src/Client.php(331): Predis\\Connection\\AbstractConnection->executeCommand(Object(Predis\\Command\\ListLength))
#4 /home/akash/Development/hotel-management-system/vendor/predis/predis/src/Client.php(314): Predis\\Client->executeCommand(Object(Predis\\Command\\ListLength))
#5 /home/akash/Development/hotel-management-system/vendor/laravel/framework/src/Illuminate/Redis/Connections/Connection.php(114): Predis\\Client->__call('llen', Array)
#6 /home/akash/Development/hotel-management-system/vendor/laravel/framework/src/Illuminate/Redis/Connections/Connection.php(214): Illuminate\\Redis\\Connections\\Connection->command('llen', Array)
#7 /home/akash/Development/hotel-management-system/vendor/laravel/horizon/src/RedisQueue.php(31): Illuminate\\Redis\\Connections\\Connection->__call('llen', Array)
#8 /home/akash/Development/hotel-management-system/vendor/laravel/horizon/src/AutoScaler.php(80): Laravel\\Horizon\\RedisQueue->readyNow('default')
#9 /home/akash/Development/hotel-management-system/vendor/laravel/framework/src/Illuminate/Support/Collection.php(1197): Laravel\\Horizon\\AutoScaler->Laravel\\Horizon\\{closure}(Object(Laravel\\Horizon\\ProcessPool), 'default')
#10 /home/akash/Development/hotel-management-system/vendor/laravel/horizon/src/AutoScaler.php(83): Illuminate\\Support\\Collection->mapWithKeys(Object(Closure))
#11 /home/akash/Development/hotel-management-system/vendor/laravel/horizon/src/AutoScaler.php(49): Laravel\\Horizon\\AutoScaler->timeToClearPerQueue(Object(Laravel\\Horizon\\Supervisor), Object(Illuminate\\Support\\Collection))
#12 /home/akash/Development/hotel-management-system/vendor/laravel/horizon/src/Supervisor.php(343): Laravel\\Horizon\\AutoScaler->scale(Object(Laravel\\Horizon\\Supervisor))
#13 /home/akash/Development/hotel-management-system/vendor/laravel/horizon/src/Supervisor.php(300): Laravel\\Horizon\\Supervisor->autoScale()
#14 /home/akash/Development/hotel-management-system/vendor/laravel/horizon/src/Supervisor.php(267): Laravel\\Horizon\\Supervisor->loop()
#15 /home/akash/Development/hotel-management-system/vendor/laravel/horizon/src/Console/SupervisorCommand.php(92): Laravel\\Horizon\\Supervisor->monitor()
#16 /home/akash/Development/hotel-management-system/vendor/laravel/horizon/src/Console/SupervisorCommand.php(67): Laravel\\Horizon\\Console\\SupervisorCommand->start(Object(Laravel\\Horizon\\Supervisor))
#17 [internal function]: Laravel\\Horizon\\Console\\SupervisorCommand->handle(Object(Laravel\\Horizon\\SupervisorFactory))
#18 /home/akash/Development/hotel-management-system/vendor/laravel/framework/src/Illuminate/Container/BoundMethod.php(32): call_user_func_array(Array, Array)
#19 /home/akash/Development/hotel-management-system/vendor/laravel/framework/src/Illuminate/Container/BoundMethod.php(90): Illuminate\\Container\\BoundMethod::Illuminate\\Container\\{closure}()
#20 /home/akash/Development/hotel-management-system/vendor/laravel/framework/src/Illuminate/Container/BoundMethod.php(34): Illuminate\\Container\\BoundMethod::callBoundMethod(Object(Illuminate\\Foundation\\Application), Array, Object(Closure))
#21 /home/akash/Development/hotel-management-system/vendor/laravel/framework/src/Illuminate/Container/Container.php(576): Illuminate\\Container\\BoundMethod::call(Object(Illuminate\\Foundation\\Application), Array, Array, NULL)
#22 /home/akash/Development/hotel-management-system/vendor/laravel/framework/src/Illuminate/Console/Command.php(183): Illuminate\\Container\\Container->call(Array)
#23 /home/akash/Development/hotel-management-system/vendor/symfony/console/Command/Command.php(255): Illuminate\\Console\\Command->execute(Object(Symfony\\Component\\Console\\Input\\ArgvInput), Object(Illuminate\\Console\\OutputStyle))
#24 /home/akash/Development/hotel-management-system/vendor/laravel/framework/src/Illuminate/Console/Command.php(170): Symfony\\Component\\Console\\Command\\Command->run(Object(Symfony\\Component\\Console\\Input\\ArgvInput), Object(Illuminate\\Console\\OutputStyle))
#25 /home/akash/Development/hotel-management-system/vendor/symfony/console/Application.php(921): Illuminate\\Console\\Command->run(Object(Symfony\\Component\\Console\\Input\\ArgvInput), Object(Symfony\\Component\\Console\\Output\\ConsoleOutput))
#26 /home/akash/Development/hotel-management-system/vendor/symfony/console/Application.php(273): Symfony\\Component\\Console\\Application->doRunCommand(Object(Laravel\\Horizon\\Console\\SupervisorCommand), Object(Symfony\\Component\\Console\\Input\\ArgvInput), Object(Symfony\\Component\\Console\\Output\\ConsoleOutput))
#27 /home/akash/Development/hotel-management-system/vendor/symfony/console/Application.php(149): Symfony\\Component\\Console\\Application->doRun(Object(Symfony\\Component\\Console\\Input\\ArgvInput), Object(Symfony\\Component\\Console\\Output\\ConsoleOutput))
#28 /home/akash/Development/hotel-management-system/vendor/laravel/framework/src/Illuminate/Console/Application.php(90): Symfony\\Component\\Console\\Application->run(Object(Symfony\\Component\\Console\\Input\\ArgvInput), Object(Symfony\\Component\\Console\\Output\\ConsoleOutput))
#29 /home/akash/Development/hotel-management-system/vendor/laravel/framework/src/Illuminate/Foundation/Console/Kernel.php(133): Illuminate\\Console\\Application->run(Object(Symfony\\Component\\Console\\Input\\ArgvInput), Object(Symfony\\Component\\Console\\Output\\ConsoleOutput))
#30 /home/akash/Development/hotel-management-system/artisan(37): Illuminate\\Foundation\\Console\\Kernel->handle(Object(Symfony\\Component\\Console\\Input\\ArgvInput), Object(Symfony\\Component\\Console\\Output\\ConsoleOutput))
#31 {main}
"} 
[2020-05-12 08:37:20] local.ERROR: Error while reading line from the server. [tcp://127.0.0.1:6379] {"exception":"[object] (Predis\\Connection\\ConnectionException(code: 0): Error while reading line from the server. [tcp://127.0.0.1:6379] at /home/akash/Development/hotel-management-system/vendor/predis/predis/src/Connection/AbstractConnection.php:155)
[stacktrace]
#0 /home/akash/Development/hotel-management-system/vendor/predis/predis/src/Connection/StreamConnection.php(314): Predis\\Connection\\AbstractConnection->onConnectionError('Error while rea...')
#1 /home/akash/Development/hotel-management-system/vendor/predis/predis/src/Connection/AbstractConnection.php(120): Predis\\Connection\\StreamConnection->read()
#2 /home/akash/Development/hotel-management-system/vendor/predis/predis/src/Connection/AbstractConnection.php(112): Predis\\Connection\\AbstractConnection->readResponse(Object(Predis\\Command\\ServerEval))
#3 /home/akash/Development/hotel-management-system/vendor/predis/predis/src/Client.php(331): Predis\\Connection\\AbstractConnection->executeCommand(Object(Predis\\Command\\ServerEval))
#4 /home/akash/Development/hotel-management-system/vendor/predis/predis/src/Client.php(314): Predis\\Client->executeCommand(Object(Predis\\Command\\ServerEval))
#5 /home/akash/Development/hotel-management-system/vendor/laravel/framework/src/Illuminate/Redis/Connections/Connection.php(114): Predis\\Client->__call('eval', Array)
#6 /home/akash/Development/hotel-management-system/vendor/laravel/framework/src/Illuminate/Redis/Connections/Connection.php(214): Illuminate\\Redis\\Connections\\Connection->command('eval', Array)
#7 /home/akash/Development/hotel-management-system/vendor/laravel/framework/src/Illuminate/Queue/RedisQueue.php(208): Illuminate\\Redis\\Connections\\Connection->__call('eval', Array)
#8 /home/akash/Development/hotel-management-system/vendor/laravel/horizon/src/RedisQueue.php(108): Illuminate\\Queue\\RedisQueue->migrateExpiredJobs('queues:email-se...', 'queues:email-se...')
#9 /home/akash/Development/hotel-management-system/vendor/laravel/framework/src/Illuminate/Queue/RedisQueue.php(191): Laravel\\Horizon\\RedisQueue->migrateExpiredJobs('queues:email-se...', 'queues:email-se...')
#10 /home/akash/Development/hotel-management-system/vendor/laravel/framework/src/Illuminate/Queue/RedisQueue.php(167): Illuminate\\Queue\\RedisQueue->migrate('queues:email-se...')
#11 /home/akash/Development/hotel-management-system/vendor/laravel/horizon/src/RedisQueue.php(92): Illuminate\\Queue\\RedisQueue->pop('email-send')
#12 /home/akash/Development/hotel-management-system/vendor/laravel/framework/src/Illuminate/Queue/Worker.php(247): Laravel\\Horizon\\RedisQueue->pop('email-send')
#13 /home/akash/Development/hotel-management-system/vendor/laravel/framework/src/Illuminate/Queue/Worker.php(107): Illuminate\\Queue\\Worker->getNextJob(Object(Laravel\\Horizon\\RedisQueue), 'email-send')
#14 /home/akash/Development/hotel-management-system/vendor/laravel/framework/src/Illuminate/Queue/Console/WorkCommand.php(102): Illuminate\\Queue\\Worker->daemon('redis', 'email-send', Object(Illuminate\\Queue\\WorkerOptions))
#15 /home/akash/Development/hotel-management-system/vendor/laravel/framework/src/Illuminate/Queue/Console/WorkCommand.php(86): Illuminate\\Queue\\Console\\WorkCommand->runWorker('redis', 'email-send')
#16 /home/akash/Development/hotel-management-system/vendor/laravel/horizon/src/Console/WorkCommand.php(46): Illuminate\\Queue\\Console\\WorkCommand->handle()
#17 [internal function]: Laravel\\Horizon\\Console\\WorkCommand->handle()
#18 /home/akash/Development/hotel-management-system/vendor/laravel/framework/src/Illuminate/Container/BoundMethod.php(32): call_user_func_array(Array, Array)
#19 /home/akash/Development/hotel-management-system/vendor/laravel/framework/src/Illuminate/Container/BoundMethod.php(90): Illuminate\\Container\\BoundMethod::Illuminate\\Container\\{closure}()
#20 /home/akash/Development/hotel-management-system/vendor/laravel/framework/src/Illuminate/Container/BoundMethod.php(34): Illuminate\\Container\\BoundMethod::callBoundMethod(Object(Illuminate\\Foundation\\Application), Array, Object(Closure))
#21 /home/akash/Development/hotel-management-system/vendor/laravel/framework/src/Illuminate/Container/Container.php(576): Illuminate\\Container\\BoundMethod::call(Object(Illuminate\\Foundation\\Application), Array, Array, NULL)
#22 /home/akash/Development/hotel-management-system/vendor/laravel/framework/src/Illuminate/Console/Command.php(183): Illuminate\\Container\\Container->call(Array)
#23 /home/akash/Development/hotel-management-system/vendor/symfony/console/Command/Command.php(255): Illuminate\\Console\\Command->execute(Object(Symfony\\Component\\Console\\Input\\ArgvInput), Object(Illuminate\\Console\\OutputStyle))
#24 /home/akash/Development/hotel-management-system/vendor/laravel/framework/src/Illuminate/Console/Command.php(170): Symfony\\Component\\Console\\Command\\Command->run(Object(Symfony\\Component\\Console\\Input\\ArgvInput), Object(Illuminate\\Console\\OutputStyle))
#25 /home/akash/Development/hotel-management-system/vendor/symfony/console/Application.php(921): Illuminate\\Console\\Command->run(Object(Symfony\\Component\\Console\\Input\\ArgvInput), Object(Symfony\\Component\\Console\\Output\\ConsoleOutput))
#26 /home/akash/Development/hotel-management-system/vendor/symfony/console/Application.php(273): Symfony\\Component\\Console\\Application->doRunCommand(Object(Laravel\\Horizon\\Console\\WorkCommand), Object(Symfony\\Component\\Console\\Input\\ArgvInput), Object(Symfony\\Component\\Console\\Output\\ConsoleOutput))
#27 /home/akash/Development/hotel-management-system/vendor/symfony/console/Application.php(149): Symfony\\Component\\Console\\Application->doRun(Object(Symfony\\Component\\Console\\Input\\ArgvInput), Object(Symfony\\Component\\Console\\Output\\ConsoleOutput))
#28 /home/akash/Development/hotel-management-system/vendor/laravel/framework/src/Illuminate/Console/Application.php(90): Symfony\\Component\\Console\\Application->run(Object(Symfony\\Component\\Console\\Input\\ArgvInput), Object(Symfony\\Component\\Console\\Output\\ConsoleOutput))
#29 /home/akash/Development/hotel-management-system/vendor/laravel/framework/src/Illuminate/Foundation/Console/Kernel.php(133): Illuminate\\Console\\Application->run(Object(Symfony\\Component\\Console\\Input\\ArgvInput), Object(Symfony\\Component\\Console\\Output\\ConsoleOutput))
#30 /home/akash/Development/hotel-management-system/artisan(37): Illuminate\\Foundation\\Console\\Kernel->handle(Object(Symfony\\Component\\Console\\Input\\ArgvInput), Object(Symfony\\Component\\Console\\Output\\ConsoleOutput))
#31 {main}
"} 
[2020-05-12 08:37:20] local.ERROR: Error while reading line from the server. [tcp://127.0.0.1:6379] {"exception":"[object] (Predis\\Connection\\ConnectionException(code: 0): Error while reading line from the server. [tcp://127.0.0.1:6379] at /home/akash/Development/hotel-management-system/vendor/predis/predis/src/Connection/AbstractConnection.php:155)
[stacktrace]
#0 /home/akash/Development/hotel-management-system/vendor/predis/predis/src/Connection/StreamConnection.php(314): Predis\\Connection\\AbstractConnection->onConnectionError('Error while rea...')
#1 /home/akash/Development/hotel-management-system/vendor/predis/predis/src/Connection/AbstractConnection.php(120): Predis\\Connection\\StreamConnection->read()
#2 /home/akash/Development/hotel-management-system/vendor/predis/predis/src/Connection/AbstractConnection.php(112): Predis\\Connection\\AbstractConnection->readResponse(Object(Predis\\Command\\ServerEval))
#3 /home/akash/Development/hotel-management-system/vendor/predis/predis/src/Client.php(331): Predis\\Connection\\AbstractConnection->executeCommand(Object(Predis\\Command\\ServerEval))
#4 /home/akash/Development/hotel-management-system/vendor/predis/predis/src/Client.php(314): Predis\\Client->executeCommand(Object(Predis\\Command\\ServerEval))
#5 /home/akash/Development/hotel-management-system/vendor/laravel/framework/src/Illuminate/Redis/Connections/Connection.php(114): Predis\\Client->__call('eval', Array)
#6 /home/akash/Development/hotel-management-system/vendor/laravel/framework/src/Illuminate/Redis/Connections/Connection.php(214): Illuminate\\Redis\\Connections\\Connection->command('eval', Array)
#7 /home/akash/Development/hotel-management-system/vendor/laravel/framework/src/Illuminate/Queue/RedisQueue.php(208): Illuminate\\Redis\\Connections\\Connection->__call('eval', Array)
#8 /home/akash/Development/hotel-management-system/vendor/laravel/horizon/src/RedisQueue.php(108): Illuminate\\Queue\\RedisQueue->migrateExpiredJobs('queues:sms-send...', 'queues:sms-send')
#9 /home/akash/Development/hotel-management-system/vendor/laravel/framework/src/Illuminate/Queue/RedisQueue.php(191): Laravel\\Horizon\\RedisQueue->migrateExpiredJobs('queues:sms-send...', 'queues:sms-send')
#10 /home/akash/Development/hotel-management-system/vendor/laravel/framework/src/Illuminate/Queue/RedisQueue.php(167): Illuminate\\Queue\\RedisQueue->migrate('queues:sms-send')
#11 /home/akash/Development/hotel-management-system/vendor/laravel/horizon/src/RedisQueue.php(92): Illuminate\\Queue\\RedisQueue->pop('sms-send')
#12 /home/akash/Development/hotel-management-system/vendor/laravel/framework/src/Illuminate/Queue/Worker.php(247): Laravel\\Horizon\\RedisQueue->pop('sms-send')
#13 /home/akash/Development/hotel-management-system/vendor/laravel/framework/src/Illuminate/Queue/Worker.php(107): Illuminate\\Queue\\Worker->getNextJob(Object(Laravel\\Horizon\\RedisQueue), 'sms-send')
#14 /home/akash/Development/hotel-management-system/vendor/laravel/framework/src/Illuminate/Queue/Console/WorkCommand.php(102): Illuminate\\Queue\\Worker->daemon('redis', 'sms-send', Object(Illuminate\\Queue\\WorkerOptions))
#15 /home/akash/Development/hotel-management-system/vendor/laravel/framework/src/Illuminate/Queue/Console/WorkCommand.php(86): Illuminate\\Queue\\Console\\WorkCommand->runWorker('redis', 'sms-send')
#16 /home/akash/Development/hotel-management-system/vendor/laravel/horizon/src/Console/WorkCommand.php(46): Illuminate\\Queue\\Console\\WorkCommand->handle()
#17 [internal function]: Laravel\\Horizon\\Console\\WorkCommand->handle()
#18 /home/akash/Development/hotel-management-system/vendor/laravel/framework/src/Illuminate/Container/BoundMethod.php(32): call_user_func_array(Array, Array)
#19 /home/akash/Development/hotel-management-system/vendor/laravel/framework/src/Illuminate/Container/BoundMethod.php(90): Illuminate\\Container\\BoundMethod::Illuminate\\Container\\{closure}()
#20 /home/akash/Development/hotel-management-system/vendor/laravel/framework/src/Illuminate/Container/BoundMethod.php(34): Illuminate\\Container\\BoundMethod::callBoundMethod(Object(Illuminate\\Foundation\\Application), Array, Object(Closure))
#21 /home/akash/Development/hotel-management-system/vendor/laravel/framework/src/Illuminate/Container/Container.php(576): Illuminate\\Container\\BoundMethod::call(Object(Illuminate\\Foundation\\Application), Array, Array, NULL)
#22 /home/akash/Development/hotel-management-system/vendor/laravel/framework/src/Illuminate/Console/Command.php(183): Illuminate\\Container\\Container->call(Array)
#23 /home/akash/Development/hotel-management-system/vendor/symfony/console/Command/Command.php(255): Illuminate\\Console\\Command->execute(Object(Symfony\\Component\\Console\\Input\\ArgvInput), Object(Illuminate\\Console\\OutputStyle))
#24 /home/akash/Development/hotel-management-system/vendor/laravel/framework/src/Illuminate/Console/Command.php(170): Symfony\\Component\\Console\\Command\\Command->run(Object(Symfony\\Component\\Console\\Input\\ArgvInput), Object(Illuminate\\Console\\OutputStyle))
#25 /home/akash/Development/hotel-management-system/vendor/symfony/console/Application.php(921): Illuminate\\Console\\Command->run(Object(Symfony\\Component\\Console\\Input\\ArgvInput), Object(Symfony\\Component\\Console\\Output\\ConsoleOutput))
#26 /home/akash/Development/hotel-management-system/vendor/symfony/console/Application.php(273): Symfony\\Component\\Console\\Application->doRunCommand(Object(Laravel\\Horizon\\Console\\WorkCommand), Object(Symfony\\Component\\Console\\Input\\ArgvInput), Object(Symfony\\Component\\Console\\Output\\ConsoleOutput))
#27 /home/akash/Development/hotel-management-system/vendor/symfony/console/Application.php(149): Symfony\\Component\\Console\\Application->doRun(Object(Symfony\\Component\\Console\\Input\\ArgvInput), Object(Symfony\\Component\\Console\\Output\\ConsoleOutput))
#28 /home/akash/Development/hotel-management-system/vendor/laravel/framework/src/Illuminate/Console/Application.php(90): Symfony\\Component\\Console\\Application->run(Object(Symfony\\Component\\Console\\Input\\ArgvInput), Object(Symfony\\Component\\Console\\Output\\ConsoleOutput))
#29 /home/akash/Development/hotel-management-system/vendor/laravel/framework/src/Illuminate/Foundation/Console/Kernel.php(133): Illuminate\\Console\\Application->run(Object(Symfony\\Component\\Console\\Input\\ArgvInput), Object(Symfony\\Component\\Console\\Output\\ConsoleOutput))
#30 /home/akash/Development/hotel-management-system/artisan(37): Illuminate\\Foundation\\Console\\Kernel->handle(Object(Symfony\\Component\\Console\\Input\\ArgvInput), Object(Symfony\\Component\\Console\\Output\\ConsoleOutput))
#31 {main}
"} 
[2020-05-12 08:37:20] local.ERROR: Error while reading line from the server. [tcp://127.0.0.1:6379] {"exception":"[object] (Predis\\Connection\\ConnectionException(code: 0): Error while reading line from the server. [tcp://127.0.0.1:6379] at /home/akash/Development/hotel-management-system/vendor/predis/predis/src/Connection/AbstractConnection.php:155)
[stacktrace]
#0 /home/akash/Development/hotel-management-system/vendor/predis/predis/src/Connection/StreamConnection.php(314): Predis\\Connection\\AbstractConnection->onConnectionError('Error while rea...')
#1 /home/akash/Development/hotel-management-system/vendor/predis/predis/src/Connection/AbstractConnection.php(120): Predis\\Connection\\StreamConnection->read()
#2 /home/akash/Development/hotel-management-system/vendor/predis/predis/src/Connection/AbstractConnection.php(112): Predis\\Connection\\AbstractConnection->readResponse(Object(Predis\\Command\\ServerEval))
#3 /home/akash/Development/hotel-management-system/vendor/predis/predis/src/Client.php(331): Predis\\Connection\\AbstractConnection->executeCommand(Object(Predis\\Command\\ServerEval))
#4 /home/akash/Development/hotel-management-system/vendor/predis/predis/src/Client.php(314): Predis\\Client->executeCommand(Object(Predis\\Command\\ServerEval))
#5 /home/akash/Development/hotel-management-system/vendor/laravel/framework/src/Illuminate/Redis/Connections/Connection.php(114): Predis\\Client->__call('eval', Array)
#6 /home/akash/Development/hotel-management-system/vendor/laravel/framework/src/Illuminate/Redis/Connections/Connection.php(214): Illuminate\\Redis\\Connections\\Connection->command('eval', Array)
#7 /home/akash/Development/hotel-management-system/vendor/laravel/framework/src/Illuminate/Queue/RedisQueue.php(208): Illuminate\\Redis\\Connections\\Connection->__call('eval', Array)
#8 /home/akash/Development/hotel-management-system/vendor/laravel/horizon/src/RedisQueue.php(108): Illuminate\\Queue\\RedisQueue->migrateExpiredJobs('queues:default:...', 'queues:default')
#9 /home/akash/Development/hotel-management-system/vendor/laravel/framework/src/Illuminate/Queue/RedisQueue.php(191): Laravel\\Horizon\\RedisQueue->migrateExpiredJobs('queues:default:...', 'queues:default')
#10 /home/akash/Development/hotel-management-system/vendor/laravel/framework/src/Illuminate/Queue/RedisQueue.php(167): Illuminate\\Queue\\RedisQueue->migrate('queues:default')
#11 /home/akash/Development/hotel-management-system/vendor/laravel/horizon/src/RedisQueue.php(92): Illuminate\\Queue\\RedisQueue->pop('default')
#12 /home/akash/Development/hotel-management-system/vendor/laravel/framework/src/Illuminate/Queue/Worker.php(247): Laravel\\Horizon\\RedisQueue->pop('default')
#13 /home/akash/Development/hotel-management-system/vendor/laravel/framework/src/Illuminate/Queue/Worker.php(107): Illuminate\\Queue\\Worker->getNextJob(Object(Laravel\\Horizon\\RedisQueue), 'default')
#14 /home/akash/Development/hotel-management-system/vendor/laravel/framework/src/Illuminate/Queue/Console/WorkCommand.php(102): Illuminate\\Queue\\Worker->daemon('redis', 'default', Object(Illuminate\\Queue\\WorkerOptions))
#15 /home/akash/Development/hotel-management-system/vendor/laravel/framework/src/Illuminate/Queue/Console/WorkCommand.php(86): Illuminate\\Queue\\Console\\WorkCommand->runWorker('redis', 'default')
#16 /home/akash/Development/hotel-management-system/vendor/laravel/horizon/src/Console/WorkCommand.php(46): Illuminate\\Queue\\Console\\WorkCommand->handle()
#17 [internal function]: Laravel\\Horizon\\Console\\WorkCommand->handle()
#18 /home/akash/Development/hotel-management-system/vendor/laravel/framework/src/Illuminate/Container/BoundMethod.php(32): call_user_func_array(Array, Array)
#19 /home/akash/Development/hotel-management-system/vendor/laravel/framework/src/Illuminate/Container/BoundMethod.php(90): Illuminate\\Container\\BoundMethod::Illuminate\\Container\\{closure}()
#20 /home/akash/Development/hotel-management-system/vendor/laravel/framework/src/Illuminate/Container/BoundMethod.php(34): Illuminate\\Container\\BoundMethod::callBoundMethod(Object(Illuminate\\Foundation\\Application), Array, Object(Closure))
#21 /home/akash/Development/hotel-management-system/vendor/laravel/framework/src/Illuminate/Container/Container.php(576): Illuminate\\Container\\BoundMethod::call(Object(Illuminate\\Foundation\\Application), Array, Array, NULL)
#22 /home/akash/Development/hotel-management-system/vendor/laravel/framework/src/Illuminate/Console/Command.php(183): Illuminate\\Container\\Container->call(Array)
#23 /home/akash/Development/hotel-management-system/vendor/symfony/console/Command/Command.php(255): Illuminate\\Console\\Command->execute(Object(Symfony\\Component\\Console\\Input\\ArgvInput), Object(Illuminate\\Console\\OutputStyle))
#24 /home/akash/Development/hotel-management-system/vendor/laravel/framework/src/Illuminate/Console/Command.php(170): Symfony\\Component\\Console\\Command\\Command->run(Object(Symfony\\Component\\Console\\Input\\ArgvInput), Object(Illuminate\\Console\\OutputStyle))
#25 /home/akash/Development/hotel-management-system/vendor/symfony/console/Application.php(921): Illuminate\\Console\\Command->run(Object(Symfony\\Component\\Console\\Input\\ArgvInput), Object(Symfony\\Component\\Console\\Output\\ConsoleOutput))
#26 /home/akash/Development/hotel-management-system/vendor/symfony/console/Application.php(273): Symfony\\Component\\Console\\Application->doRunCommand(Object(Laravel\\Horizon\\Console\\WorkCommand), Object(Symfony\\Component\\Console\\Input\\ArgvInput), Object(Symfony\\Component\\Console\\Output\\ConsoleOutput))
#27 /home/akash/Development/hotel-management-system/vendor/symfony/console/Application.php(149): Symfony\\Component\\Console\\Application->doRun(Object(Symfony\\Component\\Console\\Input\\ArgvInput), Object(Symfony\\Component\\Console\\Output\\ConsoleOutput))
#28 /home/akash/Development/hotel-management-system/vendor/laravel/framework/src/Illuminate/Console/Application.php(90): Symfony\\Component\\Console\\Application->run(Object(Symfony\\Component\\Console\\Input\\ArgvInput), Object(Symfony\\Component\\Console\\Output\\ConsoleOutput))
#29 /home/akash/Development/hotel-management-system/vendor/laravel/framework/src/Illuminate/Foundation/Console/Kernel.php(133): Illuminate\\Console\\Application->run(Object(Symfony\\Component\\Console\\Input\\ArgvInput), Object(Symfony\\Component\\Console\\Output\\ConsoleOutput))
#30 /home/akash/Development/hotel-management-system/artisan(37): Illuminate\\Foundation\\Console\\Kernel->handle(Object(Symfony\\Component\\Console\\Input\\ArgvInput), Object(Symfony\\Component\\Console\\Output\\ConsoleOutput))
#31 {main}
"} 
[2020-05-12 08:37:20] local.ERROR: Error while reading line from the server. [tcp://127.0.0.1:6379] {"exception":"[object] (Predis\\Connection\\ConnectionException(code: 0): Error while reading line from the server. [tcp://127.0.0.1:6379] at /home/akash/Development/hotel-management-system/vendor/predis/predis/src/Connection/AbstractConnection.php:155)
[stacktrace]
#0 /home/akash/Development/hotel-management-system/vendor/predis/predis/src/Connection/StreamConnection.php(314): Predis\\Connection\\AbstractConnection->onConnectionError('Error while rea...')
#1 /home/akash/Development/hotel-management-system/vendor/predis/predis/src/Connection/AbstractConnection.php(120): Predis\\Connection\\StreamConnection->read()
#2 /home/akash/Development/hotel-management-system/vendor/predis/predis/src/Connection/AbstractConnection.php(112): Predis\\Connection\\AbstractConnection->readResponse(Object(Predis\\Command\\ServerEval))
#3 /home/akash/Development/hotel-management-system/vendor/predis/predis/src/Client.php(331): Predis\\Connection\\AbstractConnection->executeCommand(Object(Predis\\Command\\ServerEval))
#4 /home/akash/Development/hotel-management-system/vendor/predis/predis/src/Client.php(314): Predis\\Client->executeCommand(Object(Predis\\Command\\ServerEval))
#5 /home/akash/Development/hotel-management-system/vendor/laravel/framework/src/Illuminate/Redis/Connections/Connection.php(114): Predis\\Client->__call('eval', Array)
#6 /home/akash/Development/hotel-management-system/vendor/laravel/framework/src/Illuminate/Redis/Connections/Connection.php(214): Illuminate\\Redis\\Connections\\Connection->command('eval', Array)
#7 /home/akash/Development/hotel-management-system/vendor/laravel/framework/src/Illuminate/Queue/RedisQueue.php(208): Illuminate\\Redis\\Connections\\Connection->__call('eval', Array)
#8 /home/akash/Development/hotel-management-system/vendor/laravel/horizon/src/RedisQueue.php(108): Illuminate\\Queue\\RedisQueue->migrateExpiredJobs('queues:default:...', 'queues:default')
#9 /home/akash/Development/hotel-management-system/vendor/laravel/framework/src/Illuminate/Queue/RedisQueue.php(191): Laravel\\Horizon\\RedisQueue->migrateExpiredJobs('queues:default:...', 'queues:default')
#10 /home/akash/Development/hotel-management-system/vendor/laravel/framework/src/Illuminate/Queue/RedisQueue.php(167): Illuminate\\Queue\\RedisQueue->migrate('queues:default')
#11 /home/akash/Development/hotel-management-system/vendor/laravel/horizon/src/RedisQueue.php(92): Illuminate\\Queue\\RedisQueue->pop('default')
#12 /home/akash/Development/hotel-management-system/vendor/laravel/framework/src/Illuminate/Queue/Worker.php(247): Laravel\\Horizon\\RedisQueue->pop('default')
#13 /home/akash/Development/hotel-management-system/vendor/laravel/framework/src/Illuminate/Queue/Worker.php(107): Illuminate\\Queue\\Worker->getNextJob(Object(Laravel\\Horizon\\RedisQueue), 'default')
#14 /home/akash/Development/hotel-management-system/vendor/laravel/framework/src/Illuminate/Queue/Console/WorkCommand.php(102): Illuminate\\Queue\\Worker->daemon('redis', 'default', Object(Illuminate\\Queue\\WorkerOptions))
#15 /home/akash/Development/hotel-management-system/vendor/laravel/framework/src/Illuminate/Queue/Console/WorkCommand.php(86): Illuminate\\Queue\\Console\\WorkCommand->runWorker('redis', 'default')
#16 /home/akash/Development/hotel-management-system/vendor/laravel/horizon/src/Console/WorkCommand.php(46): Illuminate\\Queue\\Console\\WorkCommand->handle()
#17 [internal function]: Laravel\\Horizon\\Console\\WorkCommand->handle()
#18 /home/akash/Development/hotel-management-system/vendor/laravel/framework/src/Illuminate/Container/BoundMethod.php(32): call_user_func_array(Array, Array)
#19 /home/akash/Development/hotel-management-system/vendor/laravel/framework/src/Illuminate/Container/BoundMethod.php(90): Illuminate\\Container\\BoundMethod::Illuminate\\Container\\{closure}()
#20 /home/akash/Development/hotel-management-system/vendor/laravel/framework/src/Illuminate/Container/BoundMethod.php(34): Illuminate\\Container\\BoundMethod::callBoundMethod(Object(Illuminate\\Foundation\\Application), Array, Object(Closure))
#21 /home/akash/Development/hotel-management-system/vendor/laravel/framework/src/Illuminate/Container/Container.php(576): Illuminate\\Container\\BoundMethod::call(Object(Illuminate\\Foundation\\Application), Array, Array, NULL)
#22 /home/akash/Development/hotel-management-system/vendor/laravel/framework/src/Illuminate/Console/Command.php(183): Illuminate\\Container\\Container->call(Array)
#23 /home/akash/Development/hotel-management-system/vendor/symfony/console/Command/Command.php(255): Illuminate\\Console\\Command->execute(Object(Symfony\\Component\\Console\\Input\\ArgvInput), Object(Illuminate\\Console\\OutputStyle))
#24 /home/akash/Development/hotel-management-system/vendor/laravel/framework/src/Illuminate/Console/Command.php(170): Symfony\\Component\\Console\\Command\\Command->run(Object(Symfony\\Component\\Console\\Input\\ArgvInput), Object(Illuminate\\Console\\OutputStyle))
#25 /home/akash/Development/hotel-management-system/vendor/symfony/console/Application.php(921): Illuminate\\Console\\Command->run(Object(Symfony\\Component\\Console\\Input\\ArgvInput), Object(Symfony\\Component\\Console\\Output\\ConsoleOutput))
#26 /home/akash/Development/hotel-management-system/vendor/symfony/console/Application.php(273): Symfony\\Component\\Console\\Application->doRunCommand(Object(Laravel\\Horizon\\Console\\WorkCommand), Object(Symfony\\Component\\Console\\Input\\ArgvInput), Object(Symfony\\Component\\Console\\Output\\ConsoleOutput))
#27 /home/akash/Development/hotel-management-system/vendor/symfony/console/Application.php(149): Symfony\\Component\\Console\\Application->doRun(Object(Symfony\\Component\\Console\\Input\\ArgvInput), Object(Symfony\\Component\\Console\\Output\\ConsoleOutput))
#28 /home/akash/Development/hotel-management-system/vendor/laravel/framework/src/Illuminate/Console/Application.php(90): Symfony\\Component\\Console\\Application->run(Object(Symfony\\Component\\Console\\Input\\ArgvInput), Object(Symfony\\Component\\Console\\Output\\ConsoleOutput))
#29 /home/akash/Development/hotel-management-system/vendor/laravel/framework/src/Illuminate/Foundation/Console/Kernel.php(133): Illuminate\\Console\\Application->run(Object(Symfony\\Component\\Console\\Input\\ArgvInput), Object(Symfony\\Component\\Console\\Output\\ConsoleOutput))
#30 /home/akash/Development/hotel-management-system/artisan(37): Illuminate\\Foundation\\Console\\Kernel->handle(Object(Symfony\\Component\\Console\\Input\\ArgvInput), Object(Symfony\\Component\\Console\\Output\\ConsoleOutput))
#31 {main}
"} 
[2020-05-12 08:37:20] local.ERROR: Error while reading line from the server. [tcp://127.0.0.1:6379] {"exception":"[object] (Predis\\Connection\\ConnectionException(code: 0): Error while reading line from the server. [tcp://127.0.0.1:6379] at /home/akash/Development/hotel-management-system/vendor/predis/predis/src/Connection/AbstractConnection.php:155)
[stacktrace]
#0 /home/akash/Development/hotel-management-system/vendor/predis/predis/src/Connection/StreamConnection.php(314): Predis\\Connection\\AbstractConnection->onConnectionError('Error while rea...')
#1 /home/akash/Development/hotel-management-system/vendor/predis/predis/src/Connection/AbstractConnection.php(120): Predis\\Connection\\StreamConnection->read()
#2 /home/akash/Development/hotel-management-system/vendor/predis/predis/src/Connection/AbstractConnection.php(112): Predis\\Connection\\AbstractConnection->readResponse(Object(Predis\\Command\\ServerEval))
#3 /home/akash/Development/hotel-management-system/vendor/predis/predis/src/Client.php(331): Predis\\Connection\\AbstractConnection->executeCommand(Object(Predis\\Command\\ServerEval))
#4 /home/akash/Development/hotel-management-system/vendor/predis/predis/src/Client.php(314): Predis\\Client->executeCommand(Object(Predis\\Command\\ServerEval))
#5 /home/akash/Development/hotel-management-system/vendor/laravel/framework/src/Illuminate/Redis/Connections/Connection.php(114): Predis\\Client->__call('eval', Array)
#6 /home/akash/Development/hotel-management-system/vendor/laravel/framework/src/Illuminate/Redis/Connections/Connection.php(214): Illuminate\\Redis\\Connections\\Connection->command('eval', Array)
#7 /home/akash/Development/hotel-management-system/vendor/laravel/framework/src/Illuminate/Queue/RedisQueue.php(208): Illuminate\\Redis\\Connections\\Connection->__call('eval', Array)
#8 /home/akash/Development/hotel-management-system/vendor/laravel/horizon/src/RedisQueue.php(108): Illuminate\\Queue\\RedisQueue->migrateExpiredJobs('queues:default:...', 'queues:default')
#9 /home/akash/Development/hotel-management-system/vendor/laravel/framework/src/Illuminate/Queue/RedisQueue.php(191): Laravel\\Horizon\\RedisQueue->migrateExpiredJobs('queues:default:...', 'queues:default')
#10 /home/akash/Development/hotel-management-system/vendor/laravel/framework/src/Illuminate/Queue/RedisQueue.php(167): Illuminate\\Queue\\RedisQueue->migrate('queues:default')
#11 /home/akash/Development/hotel-management-system/vendor/laravel/horizon/src/RedisQueue.php(92): Illuminate\\Queue\\RedisQueue->pop('default')
#12 /home/akash/Development/hotel-management-system/vendor/laravel/framework/src/Illuminate/Queue/Worker.php(247): Laravel\\Horizon\\RedisQueue->pop('default')
#13 /home/akash/Development/hotel-management-system/vendor/laravel/framework/src/Illuminate/Queue/Worker.php(107): Illuminate\\Queue\\Worker->getNextJob(Object(Laravel\\Horizon\\RedisQueue), 'default')
#14 /home/akash/Development/hotel-management-system/vendor/laravel/framework/src/Illuminate/Queue/Console/WorkCommand.php(102): Illuminate\\Queue\\Worker->daemon('redis', 'default', Object(Illuminate\\Queue\\WorkerOptions))
#15 /home/akash/Development/hotel-management-system/vendor/laravel/framework/src/Illuminate/Queue/Console/WorkCommand.php(86): Illuminate\\Queue\\Console\\WorkCommand->runWorker('redis', 'default')
#16 /home/akash/Development/hotel-management-system/vendor/laravel/horizon/src/Console/WorkCommand.php(46): Illuminate\\Queue\\Console\\WorkCommand->handle()
#17 [internal function]: Laravel\\Horizon\\Console\\WorkCommand->handle()
#18 /home/akash/Development/hotel-management-system/vendor/laravel/framework/src/Illuminate/Container/BoundMethod.php(32): call_user_func_array(Array, Array)
#19 /home/akash/Development/hotel-management-system/vendor/laravel/framework/src/Illuminate/Container/BoundMethod.php(90): Illuminate\\Container\\BoundMethod::Illuminate\\Container\\{closure}()
#20 /home/akash/Development/hotel-management-system/vendor/laravel/framework/src/Illuminate/Container/BoundMethod.php(34): Illuminate\\Container\\BoundMethod::callBoundMethod(Object(Illuminate\\Foundation\\Application), Array, Object(Closure))
#21 /home/akash/Development/hotel-management-system/vendor/laravel/framework/src/Illuminate/Container/Container.php(576): Illuminate\\Container\\BoundMethod::call(Object(Illuminate\\Foundation\\Application), Array, Array, NULL)
#22 /home/akash/Development/hotel-management-system/vendor/laravel/framework/src/Illuminate/Console/Command.php(183): Illuminate\\Container\\Container->call(Array)
#23 /home/akash/Development/hotel-management-system/vendor/symfony/console/Command/Command.php(255): Illuminate\\Console\\Command->execute(Object(Symfony\\Component\\Console\\Input\\ArgvInput), Object(Illuminate\\Console\\OutputStyle))
#24 /home/akash/Development/hotel-management-system/vendor/laravel/framework/src/Illuminate/Console/Command.php(170): Symfony\\Component\\Console\\Command\\Command->run(Object(Symfony\\Component\\Console\\Input\\ArgvInput), Object(Illuminate\\Console\\OutputStyle))
#25 /home/akash/Development/hotel-management-system/vendor/symfony/console/Application.php(921): Illuminate\\Console\\Command->run(Object(Symfony\\Component\\Console\\Input\\ArgvInput), Object(Symfony\\Component\\Console\\Output\\ConsoleOutput))
#26 /home/akash/Development/hotel-management-system/vendor/symfony/console/Application.php(273): Symfony\\Component\\Console\\Application->doRunCommand(Object(Laravel\\Horizon\\Console\\WorkCommand), Object(Symfony\\Component\\Console\\Input\\ArgvInput), Object(Symfony\\Component\\Console\\Output\\ConsoleOutput))
#27 /home/akash/Development/hotel-management-system/vendor/symfony/console/Application.php(149): Symfony\\Component\\Console\\Application->doRun(Object(Symfony\\Component\\Console\\Input\\ArgvInput), Object(Symfony\\Component\\Console\\Output\\ConsoleOutput))
#28 /home/akash/Development/hotel-management-system/vendor/laravel/framework/src/Illuminate/Console/Application.php(90): Symfony\\Component\\Console\\Application->run(Object(Symfony\\Component\\Console\\Input\\ArgvInput), Object(Symfony\\Component\\Console\\Output\\ConsoleOutput))
#29 /home/akash/Development/hotel-management-system/vendor/laravel/framework/src/Illuminate/Foundation/Console/Kernel.php(133): Illuminate\\Console\\Application->run(Object(Symfony\\Component\\Console\\Input\\ArgvInput), Object(Symfony\\Component\\Console\\Output\\ConsoleOutput))
#30 /home/akash/Development/hotel-management-system/artisan(37): Illuminate\\Foundation\\Console\\Kernel->handle(Object(Symfony\\Component\\Console\\Input\\ArgvInput), Object(Symfony\\Component\\Console\\Output\\ConsoleOutput))
#31 {main}
"} 
[2020-05-12 08:37:20] local.ERROR: Error while reading line from the server. [tcp://127.0.0.1:6379] {"exception":"[object] (Predis\\Connection\\ConnectionException(code: 0): Error while reading line from the server. [tcp://127.0.0.1:6379] at /home/akash/Development/hotel-management-system/vendor/predis/predis/src/Connection/AbstractConnection.php:155)
[stacktrace]
#0 /home/akash/Development/hotel-management-system/vendor/predis/predis/src/Connection/StreamConnection.php(314): Predis\\Connection\\AbstractConnection->onConnectionError('Error while rea...')
#1 /home/akash/Development/hotel-management-system/vendor/predis/predis/src/Connection/AbstractConnection.php(120): Predis\\Connection\\StreamConnection->read()
#2 /home/akash/Development/hotel-management-system/vendor/predis/predis/src/Connection/AbstractConnection.php(112): Predis\\Connection\\AbstractConnection->readResponse(Object(Predis\\Command\\ServerEval))
#3 /home/akash/Development/hotel-management-system/vendor/predis/predis/src/Client.php(331): Predis\\Connection\\AbstractConnection->executeCommand(Object(Predis\\Command\\ServerEval))
#4 /home/akash/Development/hotel-management-system/vendor/predis/predis/src/Client.php(314): Predis\\Client->executeCommand(Object(Predis\\Command\\ServerEval))
#5 /home/akash/Development/hotel-management-system/vendor/laravel/framework/src/Illuminate/Redis/Connections/Connection.php(114): Predis\\Client->__call('eval', Array)
#6 /home/akash/Development/hotel-management-system/vendor/laravel/framework/src/Illuminate/Redis/Connections/Connection.php(214): Illuminate\\Redis\\Connections\\Connection->command('eval', Array)
#7 /home/akash/Development/hotel-management-system/vendor/laravel/framework/src/Illuminate/Queue/RedisQueue.php(208): Illuminate\\Redis\\Connections\\Connection->__call('eval', Array)
#8 /home/akash/Development/hotel-management-system/vendor/laravel/horizon/src/RedisQueue.php(108): Illuminate\\Queue\\RedisQueue->migrateExpiredJobs('queues:default:...', 'queues:default')
#9 /home/akash/Development/hotel-management-system/vendor/laravel/framework/src/Illuminate/Queue/RedisQueue.php(191): Laravel\\Horizon\\RedisQueue->migrateExpiredJobs('queues:default:...', 'queues:default')
#10 /home/akash/Development/hotel-management-system/vendor/laravel/framework/src/Illuminate/Queue/RedisQueue.php(167): Illuminate\\Queue\\RedisQueue->migrate('queues:default')
#11 /home/akash/Development/hotel-management-system/vendor/laravel/horizon/src/RedisQueue.php(92): Illuminate\\Queue\\RedisQueue->pop('default')
#12 /home/akash/Development/hotel-management-system/vendor/laravel/framework/src/Illuminate/Queue/Worker.php(247): Laravel\\Horizon\\RedisQueue->pop('default')
#13 /home/akash/Development/hotel-management-system/vendor/laravel/framework/src/Illuminate/Queue/Worker.php(107): Illuminate\\Queue\\Worker->getNextJob(Object(Laravel\\Horizon\\RedisQueue), 'default')
#14 /home/akash/Development/hotel-management-system/vendor/laravel/framework/src/Illuminate/Queue/Console/WorkCommand.php(102): Illuminate\\Queue\\Worker->daemon('redis', 'default', Object(Illuminate\\Queue\\WorkerOptions))
#15 /home/akash/Development/hotel-management-system/vendor/laravel/framework/src/Illuminate/Queue/Console/WorkCommand.php(86): Illuminate\\Queue\\Console\\WorkCommand->runWorker('redis', 'default')
#16 /home/akash/Development/hotel-management-system/vendor/laravel/horizon/src/Console/WorkCommand.php(46): Illuminate\\Queue\\Console\\WorkCommand->handle()
#17 [internal function]: Laravel\\Horizon\\Console\\WorkCommand->handle()
#18 /home/akash/Development/hotel-management-system/vendor/laravel/framework/src/Illuminate/Container/BoundMethod.php(32): call_user_func_array(Array, Array)
#19 /home/akash/Development/hotel-management-system/vendor/laravel/framework/src/Illuminate/Container/BoundMethod.php(90): Illuminate\\Container\\BoundMethod::Illuminate\\Container\\{closure}()
#20 /home/akash/Development/hotel-management-system/vendor/laravel/framework/src/Illuminate/Container/BoundMethod.php(34): Illuminate\\Container\\BoundMethod::callBoundMethod(Object(Illuminate\\Foundation\\Application), Array, Object(Closure))
#21 /home/akash/Development/hotel-management-system/vendor/laravel/framework/src/Illuminate/Container/Container.php(576): Illuminate\\Container\\BoundMethod::call(Object(Illuminate\\Foundation\\Application), Array, Array, NULL)
#22 /home/akash/Development/hotel-management-system/vendor/laravel/framework/src/Illuminate/Console/Command.php(183): Illuminate\\Container\\Container->call(Array)
#23 /home/akash/Development/hotel-management-system/vendor/symfony/console/Command/Command.php(255): Illuminate\\Console\\Command->execute(Object(Symfony\\Component\\Console\\Input\\ArgvInput), Object(Illuminate\\Console\\OutputStyle))
#24 /home/akash/Development/hotel-management-system/vendor/laravel/framework/src/Illuminate/Console/Command.php(170): Symfony\\Component\\Console\\Command\\Command->run(Object(Symfony\\Component\\Console\\Input\\ArgvInput), Object(Illuminate\\Console\\OutputStyle))
#25 /home/akash/Development/hotel-management-system/vendor/symfony/console/Application.php(921): Illuminate\\Console\\Command->run(Object(Symfony\\Component\\Console\\Input\\ArgvInput), Object(Symfony\\Component\\Console\\Output\\ConsoleOutput))
#26 /home/akash/Development/hotel-management-system/vendor/symfony/console/Application.php(273): Symfony\\Component\\Console\\Application->doRunCommand(Object(Laravel\\Horizon\\Console\\WorkCommand), Object(Symfony\\Component\\Console\\Input\\ArgvInput), Object(Symfony\\Component\\Console\\Output\\ConsoleOutput))
#27 /home/akash/Development/hotel-management-system/vendor/symfony/console/Application.php(149): Symfony\\Component\\Console\\Application->doRun(Object(Symfony\\Component\\Console\\Input\\ArgvInput), Object(Symfony\\Component\\Console\\Output\\ConsoleOutput))
#28 /home/akash/Development/hotel-management-system/vendor/laravel/framework/src/Illuminate/Console/Application.php(90): Symfony\\Component\\Console\\Application->run(Object(Symfony\\Component\\Console\\Input\\ArgvInput), Object(Symfony\\Component\\Console\\Output\\ConsoleOutput))
#29 /home/akash/Development/hotel-management-system/vendor/laravel/framework/src/Illuminate/Foundation/Console/Kernel.php(133): Illuminate\\Console\\Application->run(Object(Symfony\\Component\\Console\\Input\\ArgvInput), Object(Symfony\\Component\\Console\\Output\\ConsoleOutput))
#30 /home/akash/Development/hotel-management-system/artisan(37): Illuminate\\Foundation\\Console\\Kernel->handle(Object(Symfony\\Component\\Console\\Input\\ArgvInput), Object(Symfony\\Component\\Console\\Output\\ConsoleOutput))
#31 {main}
"} 
[2020-05-12 09:30:50] local.INFO: done  
[2020-05-12 09:41:14] local.INFO: done  
[2020-05-12 09:47:05] local.INFO: done  
